[INFO]  2024/06/11 17:22:06 main.go:35: Server started on port: :8080
[INFO]  2024/06/11 18:12:58 main.go:37: Server started on port: :8080
[INFO]  2024/06/11 18:20:36 main.go:36: Server started on port: :8080
[INFO]  2024/06/11 19:07:00 main.go:36: Server started on port: :8080
[INFO]  2024/06/12 11:42:56 main.go:36: Server started on port: :8080
[INFO]  2024/06/12 11:43:27 main.go:36: Server started on port: :8080
[INFO]  2024/06/12 11:46:30 main.go:36: Server started on port: :8080
[INFO]  2024/06/12 11:46:35 main.go:36: Server started on port: :8080
[INFO]  2024/06/12 11:48:44 main.go:36: Server started on port: :8080
[INFO]  2024/06/12 11:48:51 main.go:36: Server started on port: :8080
[INFO]  2024/06/12 12:32:38 main.go:36: Server started on port: :8080
[INFO]  2024/06/12 12:34:18 main.go:36: Server started on port: :8080
[INFO]  2024/06/12 12:34:21 main.go:36: Server started on port: :8080
[INFO]  2024/06/12 12:36:27 main.go:36: Server started on port: :8080
[INFO]  2024/06/12 16:16:58 main.go:36: Server started on port: :8080
[INFO]  2024/06/12 16:20:07 main.go:36: Server started on port: :8080
[INFO]  2024/06/12 16:20:47 main.go:36: Server started on port: :8080
[INFO]  2024/06/12 16:22:25 main.go:36: Server started on port: :8080
[INFO]  2024/06/12 16:23:36 main.go:36: Server started on port: :8080
[INFO]  2024/06/12 16:24:11 main.go:36: Server started on port: :8080
[INFO]  2024/06/12 16:24:16 main.go:36: Server started on port: :8080
[INFO]  2024/06/12 16:32:53 main.go:36: Server started on port: :8080
<<<<<<< HEAD
[INFO]  2024/06/12 16:34:15 main.go:36: Server started on port: :8080
[INFO]  2024/06/12 17:06:47 main.go:36: Server started on port: :8080
[INFO]  2024/06/12 18:02:40 main.go:36: Server started on port: :8080
[INFO]  2024/06/12 18:06:54 main.go:36: Server started on port: :8080
[INFO]  2024/06/13 08:36:56 main.go:36: Server started on port: :8080
<<<<<<< HEAD
=======
[INFO]  2024/06/12 23:16:54 main.go:36: Server started on port: :8080
>>>>>>> 1d6d97d (,)
[INFO]  2024/06/13 09:42:18 main.go:36: Server started on port: :8080
=======
[INFO]  2024/06/13 09:01:06 main.go:36: Server started on port: :8080
[INFO]  2024/06/13 09:35:47 main.go:36: Server started on port: :8080
[INFO]  2024/06/13 12:37:18 main.go:36: Server started on port: :8080
[INFO]  2024/06/13 13:57:25 main.go:36: Server started on port: :8080
[INFO]  2024/06/13 13:58:05 main.go:36: Server started on port: :8080
[INFO]  2024/06/13 13:58:53 main.go:36: Server started on port: :8080
[INFO]  2024/06/13 13:59:29 main.go:36: Server started on port: :8080
[INFO]  2024/06/13 14:00:03 main.go:36: Server started on port: :8080
[INFO]  2024/06/13 14:04:34 main.go:36: Server started on port: :8080
[INFO]  2024/06/13 14:22:30 main.go:36: Server started on port: :8080
[INFO]  2024/06/13 14:24:42 main.go:36: Server started on port: :8080
[INFO]  2024/06/13 14:32:29 main.go:36: Server started on port: :8080
>>>>>>> 57d06a162b062ece28e19f07839fe9181c549f82
